Arguments: 
  /usr/local/Cellar/node/8.9.0/bin/node /usr/local/Cellar/yarn/1.3.2/libexec/bin/yarn.js install express

PATH: 
  /usr/local/bin:/usr/local/bin:/Users/skatz/.yarn/bin:/usr/local/bin:/usr/bin:/bin:/usr/sbin:/sbin:/opt/X11/bin:/usr/local/opt/go/libexec/bin

Yarn version: 
  1.3.2

Node version: 
  8.9.0

Platform: 
  darwin x64

npm manifest: 
  {
    "name": "vuejs-spa",
    "version": "1.0.0",
    "main": "index.js",
    "descirption": ""
    "scripts": {
        "test": "echo \"Error: no test specified\""
    }
    "keywords": [],
    "author": "Steve Katz",
    "license": "MIT",
    "dependencies": {
      "expressjs": "^1.0.1",
      "vue": "^2.5.3",
      "yarn": "^1.3.2"
    },
    "devDependencies": {}
  }

yarn manifest: 
  No manifest

Lockfile: 
  # THIS IS AN AUTOGENERATED FILE. DO NOT EDIT THIS FILE DIRECTLY.
  # yarn lockfile v1
  
  
  expressjs@^1.0.1:
    version "1.0.1"
    resolved "https://registry.yarnpkg.com/expressjs/-/expressjs-1.0.1.tgz#220328469a18df5ad615e2b7a0ce995f17fbaeef"
  
  vue@^2.5.3:
    version "2.5.3"
    resolved "https://registry.yarnpkg.com/vue/-/vue-2.5.3.tgz#e1a3b1f49b6e93e574ce040b95cbc873912fecc1"
  
  yarn@^1.3.2:
    version "1.3.2"
    resolved "https://registry.yarnpkg.com/yarn/-/yarn-1.3.2.tgz#5939762581b5b4ddcd3418c0f6be42df3aee195f"

Trace: 
  SyntaxError: /Users/skatz/code/pluralsight/vuejs-spa/package.json: Unexpected string in JSON at position 91
      at JSON.parse (<anonymous>)
      at /usr/local/Cellar/yarn/1.3.2/libexec/lib/cli.js:770:59
      at Generator.next (<anonymous>)
      at step (/usr/local/Cellar/yarn/1.3.2/libexec/lib/cli.js:92:30)
      at /usr/local/Cellar/yarn/1.3.2/libexec/lib/cli.js:103:13
      at <anonymous>
